<?xml version="1.0" encoding="UTF-8"?>
<robot generator="Robot 6.1.1 (Python 3.12.1 on win32)" generated="20231222 19:28:54.249" rpa="false" schemaversion="4">
<suite id="s1" name="Teste Bdd" source="D:\repos\testes\iniciando\teste_bdd.robot">
<test id="s1-t1" name="Caso de teste 04 - remover produto do carrinho" line="36">
<kw name="Abrir o navegador" library="amazon_resources" type="SETUP">
<kw name="Open Browser" library="SeleniumLibrary">
<arg>browser=chrome</arg>
<doc>Opens a new browser instance to the optional ``url``.</doc>
<msg timestamp="20231222 19:28:54.492" level="INFO">Opening browser 'chrome' to base url 'None'.</msg>
<status status="PASS" starttime="20231222 19:28:54.492" endtime="20231222 19:28:56.176"/>
</kw>
<kw name="Maximize Browser Window" library="SeleniumLibrary">
<doc>Maximizes current browser window.</doc>
<status status="PASS" starttime="20231222 19:28:56.176" endtime="20231222 19:28:56.306"/>
</kw>
<status status="PASS" starttime="20231222 19:28:54.492" endtime="20231222 19:28:56.306"/>
</kw>
<kw name="Dado que estou na home page da Amazon.com.br" library="amazon_resources">
<kw name="Acessar o home page do site Amazon.com.br" library="amazon_resources">
<kw name="Go To" library="SeleniumLibrary">
<arg>url=${URL}</arg>
<doc>Navigates the current browser window to the provided ``url``.</doc>
<msg timestamp="20231222 19:28:56.308" level="INFO">Opening url 'http://www.amazon.com.br'</msg>
<status status="PASS" starttime="20231222 19:28:56.308" endtime="20231222 19:28:58.073"/>
</kw>
<kw name="Wait Until Element Is Visible" library="SeleniumLibrary">
<arg>locator=${MENU_ELETRÔNICOS}</arg>
<doc>Waits until the element ``locator`` is visible.</doc>
<status status="PASS" starttime="20231222 19:28:58.074" endtime="20231222 19:28:58.202"/>
</kw>
<status status="PASS" starttime="20231222 19:28:56.308" endtime="20231222 19:28:58.202"/>
</kw>
<status status="PASS" starttime="20231222 19:28:56.307" endtime="20231222 19:28:58.202"/>
</kw>
<kw name="Quando pesquisar pelo produto &quot;Xbox Series S&quot;" library="amazon_resources">
<kw name="Digitar o nome de produto &quot;Xbox Series S&quot; no campo de pesquisa" library="amazon_resources" sourcename="Digitar o nome de produto &quot;${PRODUTO}&quot; no campo de pesquisa">
<kw name="Input Text" library="SeleniumLibrary">
<arg>locator=${BARRA_PESQUISA}</arg>
<arg>text=${PRODUTO}</arg>
<doc>Types the given ``text`` into the text field identified by ``locator``.</doc>
<msg timestamp="20231222 19:28:58.204" level="INFO">Typing text 'Xbox Series S' into text field '//input[contains(@type,'text')]'.</msg>
<status status="PASS" starttime="20231222 19:28:58.203" endtime="20231222 19:28:58.627"/>
</kw>
<kw name="Click Button" library="SeleniumLibrary">
<arg>locator=${BOTÃO_PESQUISA}</arg>
<doc>Clicks the button identified by ``locator``.</doc>
<msg timestamp="20231222 19:28:58.627" level="INFO">Clicking button '//input[@value='Ir']'.</msg>
<status status="PASS" starttime="20231222 19:28:58.627" endtime="20231222 19:29:00.638"/>
</kw>
<kw name="Wait Until Element Is Visible" library="SeleniumLibrary">
<arg>locator=${TÍTULO_PESQUISA}</arg>
<doc>Waits until the element ``locator`` is visible.</doc>
<status status="PASS" starttime="20231222 19:29:00.638" endtime="20231222 19:29:00.677"/>
</kw>
<status status="PASS" starttime="20231222 19:28:58.203" endtime="20231222 19:29:00.677"/>
</kw>
<status status="PASS" starttime="20231222 19:28:58.203" endtime="20231222 19:29:00.677"/>
</kw>
<kw name="E um produto da linha &quot;Xbox Series S&quot; deve ser mostrado na página" library="amazon_resources">
<kw name="verificar o resutado da pesquisa se listando o produto pesquisado" library="amazon_resources">
<kw name="Page Should Contain Element" library="SeleniumLibrary">
<arg>locator=${PESQUISA_XBOX}</arg>
<doc>Verifies that element ``locator`` is found on the current page.</doc>
<msg timestamp="20231222 19:29:00.704" level="INFO">Current page contains element '//span[@class='a-size-base-plus a-color-base a-text-normal'][contains(.,'Console Xbox Series S')]'.</msg>
<status status="PASS" starttime="20231222 19:29:00.678" endtime="20231222 19:29:00.705"/>
</kw>
<status status="PASS" starttime="20231222 19:29:00.678" endtime="20231222 19:29:00.705"/>
</kw>
<status status="PASS" starttime="20231222 19:29:00.678" endtime="20231222 19:29:00.705"/>
</kw>
<kw name="Então será adicionado um produto &quot;Xbox Series S&quot; no carrinho" library="amazon_resources">
<kw name="Click Element" library="SeleniumLibrary">
<arg>locator=${PESQUISA_XBOX}</arg>
<doc>Click the element identified by ``locator``.</doc>
<msg timestamp="20231222 19:29:00.706" level="INFO">Clicking element '//span[@class='a-size-base-plus a-color-base a-text-normal'][contains(.,'Console Xbox Series S')]'.</msg>
<status status="PASS" starttime="20231222 19:29:00.705" endtime="20231222 19:29:04.632"/>
</kw>
<kw name="Wait Until Element Is Visible" library="SeleniumLibrary">
<arg>locator=${CARRINHO}</arg>
<doc>Waits until the element ``locator`` is visible.</doc>
<status status="PASS" starttime="20231222 19:29:04.632" endtime="20231222 19:29:04.664"/>
</kw>
<kw name="Click Element" library="SeleniumLibrary">
<arg>locator=${CARRINHO}</arg>
<doc>Click the element identified by ``locator``.</doc>
<msg timestamp="20231222 19:29:04.665" level="INFO">Clicking element '//input[contains(@name,'submit.add-to-cart')]'.</msg>
<status status="PASS" starttime="20231222 19:29:04.664" endtime="20231222 19:29:06.130"/>
</kw>
<status status="PASS" starttime="20231222 19:29:00.705" endtime="20231222 19:29:06.130"/>
</kw>
<kw name="E um Xbox Series S deve estar no carrinho" library="amazon_resources">
<kw name="Click Element" library="SeleniumLibrary">
<arg>locator=${ICONE_CARRINHO}</arg>
<doc>Click the element identified by ``locator``.</doc>
<msg timestamp="20231222 19:29:06.131" level="INFO">Clicking element 'nav-cart'.</msg>
<status status="PASS" starttime="20231222 19:29:06.131" endtime="20231222 19:29:07.425"/>
</kw>
<kw name="Element Should Be Visible" library="SeleniumLibrary">
<arg>locator=${PRODUTO_NO_CARRINHO}</arg>
<doc>Verifies that the element identified by ``locator`` is visible.</doc>
<msg timestamp="20231222 19:29:07.452" level="INFO">Element '//span[@class='a-truncate-cut'][contains(.,'Console Xbox Series S')]' is displayed.</msg>
<status status="PASS" starttime="20231222 19:29:07.426" endtime="20231222 19:29:07.452"/>
</kw>
<status status="PASS" starttime="20231222 19:29:06.130" endtime="20231222 19:29:07.452"/>
</kw>
<kw name="Então o Xbox Series deve ser removido do carrinho" library="amazon_resources">
<kw name="Click Element" library="SeleniumLibrary">
<arg>locator=${EXCLUIR_DO_CARRINHO}</arg>
<doc>Click the element identified by ``locator``.</doc>
<msg timestamp="20231222 19:29:07.453" level="INFO">Clicking element '//input[contains(@value,'Excluir')]'.</msg>
<status status="PASS" starttime="20231222 19:29:07.453" endtime="20231222 19:29:07.581"/>
</kw>
<status status="PASS" starttime="20231222 19:29:07.453" endtime="20231222 19:29:07.581"/>
</kw>
<kw name="E o carrinho deve estar vazio" library="amazon_resources">
<kw name="Wait Until Element Is Visible" library="SeleniumLibrary">
<arg>locator=${MENSAGEM_CARRINHO_VAZIO}</arg>
<doc>Waits until the element ``locator`` is visible.</doc>
<status status="PASS" starttime="20231222 19:29:07.582" endtime="20231222 19:29:08.054"/>
</kw>
<status status="PASS" starttime="20231222 19:29:07.582" endtime="20231222 19:29:08.054"/>
</kw>
<kw name="Fechar o navegador" library="amazon_resources" type="TEARDOWN">
<kw name="Capture Page Screenshot" library="SeleniumLibrary">
<doc>Takes a screenshot of the current page and embeds it into a log file.</doc>
<msg timestamp="20231222 19:29:08.230" level="INFO" html="true">&lt;/td&gt;&lt;/tr&gt;&lt;tr&gt;&lt;td colspan="3"&gt;&lt;a href="selenium-screenshot-12.png"&gt;&lt;img src="selenium-screenshot-12.png" width="800px"&gt;&lt;/a&gt;</msg>
<status status="PASS" starttime="20231222 19:29:08.055" endtime="20231222 19:29:08.230"/>
</kw>
<kw name="Close Browser" library="SeleniumLibrary">
<doc>Closes the current browser.</doc>
<status status="PASS" starttime="20231222 19:29:08.230" endtime="20231222 19:29:10.603"/>
</kw>
<status status="PASS" starttime="20231222 19:29:08.055" endtime="20231222 19:29:10.603"/>
</kw>
<doc>Esse teste verifica a remoção de um produto no carrinho</doc>
<tag>remover</tag>
<status status="PASS" starttime="20231222 19:28:54.491" endtime="20231222 19:29:10.606"/>
</test>
<doc>Essa súite testa o site da Amazon.com.br</doc>
<status status="PASS" starttime="20231222 19:28:54.251" endtime="20231222 19:29:10.612"/>
</suite>
<statistics>
<total>
<stat pass="1" fail="0" skip="0">All Tests</stat>
</total>
<tag>
<stat pass="1" fail="0" skip="0">remover</stat>
</tag>
<suite>
<stat pass="1" fail="0" skip="0" id="s1" name="Teste Bdd">Teste Bdd</stat>
</suite>
</statistics>
<errors>
</errors>
</robot>
